<?xml version="1.0" encoding="UTF-8"?>
<!-- Generated by org.testng.reporters.JUnitXMLReporter -->
<testsuite ignored="0" hostname="LAPTOP-MSMG7D8C" failures="0" tests="3" name="Test" time="0.045" errors="0" timestamp="2021-01-13T14:26:10 IST">
  <testcase classname="qaclickacademy.mavenJava.SeleniumTest" name="setData" time="0.007"/>
  <testcase classname="qaclickacademy.mavenJava.SeleniumTest" name="testMethod" time="0.002"/>
  <testcase classname="qaclickacademy.mavenJava.appiumTest" name="test" time="0.002"/>
</testsuite> <!-- Test -->
