<?xml version="1.0" encoding="UTF-8"?>
<!-- Generated by org.testng.reporters.JUnitXMLReporter -->
<testsuite ignored="0" hostname="LAPTOP-MSMG7D8C" failures="0" tests="3" name="Command line test" time="0.035" errors="0" timestamp="2020-12-18T13:24:56 IST">
  <testcase classname="qaclickacademy.mavenJava.appiumTest" name="test" time="0.003"/>
  <testcase classname="qaclickacademy.mavenJava.SeleniumTest" name="setData" time="0.0"/>
  <testcase classname="qaclickacademy.mavenJava.SeleniumTest" name="testMethod" time="0.0"/>
</testsuite> <!-- Command line test -->
