<?xml version="1.0" encoding="UTF-8"?>
<!-- Generated by org.testng.reporters.JUnitXMLReporter -->
<testsuite ignored="0" hostname="LAPTOP-MSMG7D8C" failures="0" tests="3" name="Test" time="0.037" errors="0" timestamp="2020-12-18T13:26:45 IST">
  <testcase classname="qaclickacademy.mavenJava.SeleniumTest" name="setData" time="0.004"/>
  <testcase classname="qaclickacademy.mavenJava.SeleniumTest" name="testMethod" time="0.0"/>
  <testcase classname="qaclickacademy.mavenJava.appiumTest" name="test" time="0.0"/>
</testsuite> <!-- Test -->
