<?xml version="1.0" encoding="UTF-8"?>
<testng-results ignored="0" total="3" passed="3" failed="0" skipped="0">
  <reporter-output>
  </reporter-output>
  <suite started-at="2020-12-18T13:26:44 IST" name="Suite" finished-at="2020-12-18T13:26:44 IST" duration-ms="37">
    <groups>
    </groups>
    <test started-at="2020-12-18T13:26:44 IST" name="Test" finished-at="2020-12-18T13:26:44 IST" duration-ms="37">
      <class name="qaclickacademy.mavenJava.SeleniumTest">
        <test-method signature="setData()[pri:0, instance:qaclickacademy.mavenJava.SeleniumTest@1d082e88]" started-at="2020-12-18T13:26:44 IST" name="setData" finished-at="2020-12-18T13:26:44 IST" duration-ms="4" status="PASS">
          <reporter-output>
          </reporter-output>
        </test-method> <!-- setData -->
        <test-method signature="testMethod()[pri:0, instance:qaclickacademy.mavenJava.SeleniumTest@1d082e88]" started-at="2020-12-18T13:26:44 IST" name="testMethod" finished-at="2020-12-18T13:26:44 IST" duration-ms="0" status="PASS">
          <reporter-output>
          </reporter-output>
        </test-method> <!-- testMethod -->
      </class> <!-- qaclickacademy.mavenJava.SeleniumTest -->
      <class name="qaclickacademy.mavenJava.appiumTest">
        <test-method signature="test()[pri:0, instance:qaclickacademy.mavenJava.appiumTest@60704c]" started-at="2020-12-18T13:26:44 IST" name="test" finished-at="2020-12-18T13:26:44 IST" duration-ms="0" status="PASS">
          <reporter-output>
          </reporter-output>
        </test-method> <!-- test -->
      </class> <!-- qaclickacademy.mavenJava.appiumTest -->
    </test> <!-- Test -->
  </suite> <!-- Suite -->
</testng-results>
