<?xml version="1.0" encoding="UTF-8"?>
<testng-results ignored="0" total="2" passed="2" failed="0" skipped="0">
  <reporter-output>
  </reporter-output>
  <suite started-at="2021-01-13T14:27:19 IST" name="Default suite" finished-at="2021-01-13T14:27:19 IST" duration-ms="55">
    <groups>
    </groups>
    <test started-at="2021-01-13T14:27:19 IST" name="Default test" finished-at="2021-01-13T14:27:19 IST" duration-ms="55">
      <class name="qaclickacademy.mavenJava.SeleniumTest">
        <test-method signature="setData()[pri:0, instance:qaclickacademy.mavenJava.SeleniumTest@4b5d6a01]" started-at="2021-01-13T14:27:19 IST" name="setData" finished-at="2021-01-13T14:27:19 IST" duration-ms="10" status="PASS">
          <reporter-output>
          </reporter-output>
        </test-method> <!-- setData -->
        <test-method signature="testMethod()[pri:0, instance:qaclickacademy.mavenJava.SeleniumTest@4b5d6a01]" started-at="2021-01-13T14:27:19 IST" name="testMethod" finished-at="2021-01-13T14:27:19 IST" duration-ms="3" status="PASS">
          <reporter-output>
          </reporter-output>
        </test-method> <!-- testMethod -->
      </class> <!-- qaclickacademy.mavenJava.SeleniumTest -->
    </test> <!-- Default test -->
  </suite> <!-- Default suite -->
</testng-results>
